{
"C:\\Users\\WeCanCodeIT\\wcci\\code\\virtual-tree-tdd\\src\\test\\javascript\\button.test.js":{"path":"C:\\Users\\WeCanCodeIT\\wcci\\code\\virtual-tree-tdd\\src\\test\\javascript\\button.test.js","s":{"1":1,"2":1,"3":1,"4":1,"5":1,"6":1,"7":1,"8":1,"9":1,"10":1,"11":1,"12":1,"13":1,"14":1,"15":1,"16":1,"17":1,"18":1,"19":1,"20":1,"21":1,"22":1,"23":1,"24":1},"b":{},"f":{"1":1,"2":1,"3":1},"fnMap":{"1":{"name":"(anonymous_1)","line":8,"loc":{"start":{"line":8,"column":39},"end":{"line":8,"column":51}}},"2":{"name":"(anonymous_2)","line":39,"loc":{"start":{"line":39,"column":73},"end":{"line":39,"column":85}}},"3":{"name":"(anonymous_3)","line":45,"loc":{"start":{"line":45,"column":64},"end":{"line":45,"column":76}}}},"statementMap":{"1":{"start":{"line":8,"column":0},"end":{"line":59,"column":3}},"2":{"start":{"line":10,"column":2},"end":{"line":10,"column":40}},"3":{"start":{"line":11,"column":2},"end":{"line":11,"column":43}},"4":{"start":{"line":12,"column":2},"end":{"line":12,"column":40}},"5":{"start":{"line":13,"column":2},"end":{"line":13,"column":51}},"6":{"start":{"line":14,"column":2},"end":{"line":14,"column":43}},"7":{"start":{"line":15,"column":2},"end":{"line":15,"column":51}},"8":{"start":{"line":16,"column":2},"end":{"line":16,"column":43}},"9":{"start":{"line":17,"column":2},"end":{"line":17,"column":40}},"10":{"start":{"line":18,"column":2},"end":{"line":18,"column":79}},"11":{"start":{"line":19,"column":2},"end":{"line":19,"column":54}},"12":{"start":{"line":20,"column":2},"end":{"line":20,"column":50}},"13":{"start":{"line":21,"column":2},"end":{"line":21,"column":29}},"14":{"start":{"line":22,"column":2},"end":{"line":22,"column":29}},"15":{"start":{"line":23,"column":2},"end":{"line":23,"column":39}},"16":{"start":{"line":24,"column":2},"end":{"line":24,"column":21}},"17":{"start":{"line":25,"column":2},"end":{"line":25,"column":31}},"18":{"start":{"line":26,"column":2},"end":{"line":26,"column":32}},"19":{"start":{"line":39,"column":2},"end":{"line":43,"column":5}},"20":{"start":{"line":40,"column":4},"end":{"line":40,"column":23}},"21":{"start":{"line":41,"column":4},"end":{"line":41,"column":32}},"22":{"start":{"line":42,"column":4},"end":{"line":42,"column":58}},"23":{"start":{"line":45,"column":2},"end":{"line":47,"column":5}},"24":{"start":{"line":46,"column":4},"end":{"line":46,"column":51}}},"branchMap":{},"l":{"8":1,"10":1,"11":1,"12":1,"13":1,"14":1,"15":1,"16":1,"17":1,"18":1,"19":1,"20":1,"21":1,"22":1,"23":1,"24":1,"25":1,"26":1,"39":1,"40":1,"41":1,"42":1,"45":1,"46":1}}}
